Determining if the pthread_create exist failed with the following output:
Change Dir: /home/etudiant/M1_ISTR/Ligne_transitique_MONTRAC/ros_ws/build/CMakeFiles/CMakeTmp

Run Build Command:/usr/bin/make "cmTryCompileExec2830845339/fast"
/usr/bin/make -f CMakeFiles/cmTryCompileExec2830845339.dir/build.make CMakeFiles/cmTryCompileExec2830845339.dir/build
make[1]: Entering directory `/home/etudiant/M1_ISTR/Ligne_transitique_MONTRAC/ros_ws/build/CMakeFiles/CMakeTmp'
/usr/bin/cmake -E cmake_progress_report /home/etudiant/M1_ISTR/Ligne_transitique_MONTRAC/ros_ws/build/CMakeFiles/CMakeTmp/CMakeFiles 1
Building C object CMakeFiles/cmTryCompileExec2830845339.dir/CheckSymbolExists.c.o
/usr/bin/cc    -o CMakeFiles/cmTryCompileExec2830845339.dir/CheckSymbolExists.c.o   -c /home/etudiant/M1_ISTR/Ligne_transitique_MONTRAC/ros_ws/build/CMakeFiles/CMakeTmp/CheckSymbolExists.c
Linking C executable cmTryCompileExec2830845339
/usr/bin/cmake -E cmake_link_script CMakeFiles/cmTryCompileExec2830845339.dir/link.txt --verbose=1
/usr/bin/cc       CMakeFiles/cmTryCompileExec2830845339.dir/CheckSymbolExists.c.o  -o cmTryCompileExec2830845339 -rdynamic 
CMakeFiles/cmTryCompileExec2830845339.dir/CheckSymbolExists.c.o: In function `main':
CheckSymbolExists.c:(.text+0x16): undefined reference to `pthread_create'
collect2: error: ld returned 1 exit status
make[1]: *** [cmTryCompileExec2830845339] Error 1
make[1]: Leaving directory `/home/etudiant/M1_ISTR/Ligne_transitique_MONTRAC/ros_ws/build/CMakeFiles/CMakeTmp'
make: *** [cmTryCompileExec2830845339/fast] Error 2

File /home/etudiant/M1_ISTR/Ligne_transitique_MONTRAC/ros_ws/build/CMakeFiles/CMakeTmp/CheckSymbolExists.c:
/* */
#include <pthread.h>

int main(int argc, char** argv)
{
  (void)argv;
#ifndef pthread_create
  return ((int*)(&pthread_create))[argc];
#else
  (void)argc;
  return 0;
#endif
}

Determining if the function pthread_create exists in the pthreads failed with the following output:
Change Dir: /home/etudiant/M1_ISTR/Ligne_transitique_MONTRAC/ros_ws/build/CMakeFiles/CMakeTmp

Run Build Command:/usr/bin/make "cmTryCompileExec861710749/fast"
/usr/bin/make -f CMakeFiles/cmTryCompileExec861710749.dir/build.make CMakeFiles/cmTryCompileExec861710749.dir/build
make[1]: Entering directory `/home/etudiant/M1_ISTR/Ligne_transitique_MONTRAC/ros_ws/build/CMakeFiles/CMakeTmp'
/usr/bin/cmake -E cmake_progress_report /home/etudiant/M1_ISTR/Ligne_transitique_MONTRAC/ros_ws/build/CMakeFiles/CMakeTmp/CMakeFiles 1
Building C object CMakeFiles/cmTryCompileExec861710749.dir/CheckFunctionExists.c.o
/usr/bin/cc   -DCHECK_FUNCTION_EXISTS=pthread_create   -o CMakeFiles/cmTryCompileExec861710749.dir/CheckFunctionExists.c.o   -c /usr/share/cmake-2.8/Modules/CheckFunctionExists.c
Linking C executable cmTryCompileExec861710749
/usr/bin/cmake -E cmake_link_script CMakeFiles/cmTryCompileExec861710749.dir/link.txt --verbose=1
/usr/bin/cc   -DCHECK_FUNCTION_EXISTS=pthread_create    CMakeFiles/cmTryCompileExec861710749.dir/CheckFunctionExists.c.o  -o cmTryCompileExec861710749 -rdynamic -lpthreads 
/usr/bin/ld: cannot find -lpthreads
collect2: error: ld returned 1 exit status
make[1]: *** [cmTryCompileExec861710749] Error 1
make[1]: Leaving directory `/home/etudiant/M1_ISTR/Ligne_transitique_MONTRAC/ros_ws/build/CMakeFiles/CMakeTmp'
make: *** [cmTryCompileExec861710749/fast] Error 2


