Determining if the pthread_create exist failed with the following output:
Change Dir: /home/etudiant/M1_ISTR/Ligne_tansitique_MONTRAC/ros_ws/build/CMakeFiles/CMakeTmp

Run Build Command:/usr/bin/make "cmTryCompileExec692376240/fast"
/usr/bin/make -f CMakeFiles/cmTryCompileExec692376240.dir/build.make CMakeFiles/cmTryCompileExec692376240.dir/build
make[1]: Entering directory `/home/etudiant/M1_ISTR/Ligne_tansitique_MONTRAC/ros_ws/build/CMakeFiles/CMakeTmp'
/usr/bin/cmake -E cmake_progress_report /home/etudiant/M1_ISTR/Ligne_tansitique_MONTRAC/ros_ws/build/CMakeFiles/CMakeTmp/CMakeFiles 1
Building C object CMakeFiles/cmTryCompileExec692376240.dir/CheckSymbolExists.c.o
/usr/bin/cc    -o CMakeFiles/cmTryCompileExec692376240.dir/CheckSymbolExists.c.o   -c /home/etudiant/M1_ISTR/Ligne_tansitique_MONTRAC/ros_ws/build/CMakeFiles/CMakeTmp/CheckSymbolExists.c
Linking C executable cmTryCompileExec692376240
/usr/bin/cmake -E cmake_link_script CMakeFiles/cmTryCompileExec692376240.dir/link.txt --verbose=1
/usr/bin/cc       CMakeFiles/cmTryCompileExec692376240.dir/CheckSymbolExists.c.o  -o cmTryCompileExec692376240 -rdynamic 
CMakeFiles/cmTryCompileExec692376240.dir/CheckSymbolExists.c.o: In function `main':
CheckSymbolExists.c:(.text+0x16): undefined reference to `pthread_create'
collect2: error: ld returned 1 exit status
make[1]: *** [cmTryCompileExec692376240] Error 1
make[1]: Leaving directory `/home/etudiant/M1_ISTR/Ligne_tansitique_MONTRAC/ros_ws/build/CMakeFiles/CMakeTmp'
make: *** [cmTryCompileExec692376240/fast] Error 2

File /home/etudiant/M1_ISTR/Ligne_tansitique_MONTRAC/ros_ws/build/CMakeFiles/CMakeTmp/CheckSymbolExists.c:
/* */
#include <pthread.h>

int main(int argc, char** argv)
{
  (void)argv;
#ifndef pthread_create
  return ((int*)(&pthread_create))[argc];
#else
  (void)argc;
  return 0;
#endif
}

Determining if the function pthread_create exists in the pthreads failed with the following output:
Change Dir: /home/etudiant/M1_ISTR/Ligne_tansitique_MONTRAC/ros_ws/build/CMakeFiles/CMakeTmp

Run Build Command:/usr/bin/make "cmTryCompileExec487445215/fast"
/usr/bin/make -f CMakeFiles/cmTryCompileExec487445215.dir/build.make CMakeFiles/cmTryCompileExec487445215.dir/build
make[1]: Entering directory `/home/etudiant/M1_ISTR/Ligne_tansitique_MONTRAC/ros_ws/build/CMakeFiles/CMakeTmp'
/usr/bin/cmake -E cmake_progress_report /home/etudiant/M1_ISTR/Ligne_tansitique_MONTRAC/ros_ws/build/CMakeFiles/CMakeTmp/CMakeFiles 1
Building C object CMakeFiles/cmTryCompileExec487445215.dir/CheckFunctionExists.c.o
/usr/bin/cc   -DCHECK_FUNCTION_EXISTS=pthread_create   -o CMakeFiles/cmTryCompileExec487445215.dir/CheckFunctionExists.c.o   -c /usr/share/cmake-2.8/Modules/CheckFunctionExists.c
Linking C executable cmTryCompileExec487445215
/usr/bin/cmake -E cmake_link_script CMakeFiles/cmTryCompileExec487445215.dir/link.txt --verbose=1
/usr/bin/cc   -DCHECK_FUNCTION_EXISTS=pthread_create    CMakeFiles/cmTryCompileExec487445215.dir/CheckFunctionExists.c.o  -o cmTryCompileExec487445215 -rdynamic -lpthreads 
/usr/bin/ld: cannot find -lpthreads
collect2: error: ld returned 1 exit status
make[1]: *** [cmTryCompileExec487445215] Error 1
make[1]: Leaving directory `/home/etudiant/M1_ISTR/Ligne_tansitique_MONTRAC/ros_ws/build/CMakeFiles/CMakeTmp'
make: *** [cmTryCompileExec487445215/fast] Error 2


